<?xml version="1.0" encoding="utf-8"?><testsuites name="pytest tests"><testsuite name="pytest" errors="0" failures="0" skipped="0" tests="6" time="1.514" timestamp="2026-08-07T20:57:54.430793+00:00" hostname="agent-env-e546a045-0b7b-4131-8aff-41075740066b"><testcase classname="backend.tests.test_aeo.TestLlmsFullTxt" name="test_returns_markdown" time="0.123" /><testcase classname="backend.tests.test_aeo.TestLlmsFullTxt" name="test_includes_projects_and_faq" time="0.159" /><testcase classname="backend.tests.test_aeo.TestLlmsTxtStatic" name="test_static_llms_txt" time="0.120" /><testcase classname="backend.tests.test_aeo.TestProjectsFaq" name="test_projects_list_has_faq_field" time="0.163" /><testcase classname="backend.tests.test_aeo.TestProjectsFaq" name="test_target_project_has_2_faq" time="0.099" /><testcase classname="backend.tests.test_aeo.TestAdminProjectFaqUpdate" name="test_update_project_full_object_with_faq" time="0.773" /></testsuite></testsuites>