<?xml version="1.0" encoding="utf-8"?><testsuites name="pytest tests"><testsuite name="pytest" errors="0" failures="0" skipped="0" tests="7" time="2.820" timestamp="2026-06-17T07:08:38.149241+00:00" hostname="agent-env-7f6ef062-b54f-4ef9-911d-3b57813247d3"><testcase classname="backend.tests.test_brand_registration" name="test_register_rejects_without_kvkk" time="0.205" /><testcase classname="backend.tests.test_brand_registration" name="test_register_rejects_without_terms" time="0.094" /><testcase classname="backend.tests.test_brand_registration" name="test_register_rejects_short_password" time="0.131" /><testcase classname="backend.tests.test_brand_registration" name="test_full_register_pending_approve_login_flow" time="1.161" /><testcase classname="backend.tests.test_brand_registration" name="test_register_then_reject_blocks_login" time="0.442" /><testcase classname="backend.tests.test_brand_registration" name="test_approve_unknown_id_returns_404" time="0.105" /><testcase classname="backend.tests.test_brand_registration" name="test_protected_brand_login_still_works" time="0.620" /></testsuite></testsuites>