<?xml version="1.0" encoding="utf-8"?><testsuites name="pytest tests"><testsuite name="pytest" errors="0" failures="0" skipped="0" tests="15" time="2.521" timestamp="2026-06-11T10:44:56.553593+00:00" hostname="agent-env-7f6ef062-b54f-4ef9-911d-3b57813247d3"><testcase classname="backend.tests.test_brand_and_editor.TestBlogEditorFields" name="test_create_blog_with_tags_and_seo" time="0.708" /><testcase classname="backend.tests.test_brand_and_editor.TestProjectEditorFields" name="test_create_project_with_tags_and_seo" time="0.198" /><testcase classname="backend.tests.test_brand_and_editor.TestBrandCRUD" name="test_list_brands" time="0.051" /><testcase classname="backend.tests.test_brand_and_editor.TestBrandCRUD" name="test_create_brand" time="0.057" /><testcase classname="backend.tests.test_brand_and_editor.TestBrandCRUD" name="test_duplicate_email_rejected" time="0.063" /><testcase classname="backend.tests.test_brand_and_editor.TestBrandCRUD" name="test_update_brand_credits" time="0.110" /><testcase classname="backend.tests.test_brand_and_editor.TestBrandCRUD" name="test_brand_generations_endpoint" time="0.060" /><testcase classname="backend.tests.test_brand_and_editor.TestBrandCRUD" name="test_delete_brand" time="0.122" /><testcase classname="backend.tests.test_brand_and_editor.TestBrandAuth" name="test_brand_login_success" time="0.060" /><testcase classname="backend.tests.test_brand_and_editor.TestBrandAuth" name="test_brand_login_invalid" time="0.061" /><testcase classname="backend.tests.test_brand_and_editor.TestBrandAuth" name="test_brand_me" time="0.115" /><testcase classname="backend.tests.test_brand_and_editor.TestTokenIsolation" name="test_admin_token_rejected_by_brand_endpoint" time="0.059" /><testcase classname="backend.tests.test_brand_and_editor.TestTokenIsolation" name="test_brand_token_rejected_by_admin_endpoint" time="0.060" /><testcase classname="backend.tests.test_brand_and_editor.TestBrandGenerateErrorHandling" name="test_generate_fails_gracefully_and_no_credit_deducted" time="0.355" /><testcase classname="backend.tests.test_brand_and_editor.TestBrandGenerateErrorHandling" name="test_generate_credit_gating_402" time="0.243" /></testsuite></testsuites>