<?xml version="1.0" encoding="utf-8"?><testsuites name="pytest tests"><testsuite name="pytest" errors="0" failures="0" skipped="0" tests="11" time="2.834" timestamp="2026-06-16T22:33:06.629043+00:00" hostname="agent-env-7f6ef062-b54f-4ef9-911d-3b57813247d3"><testcase classname="tests.test_brand_settings.TestBrandMeAndIsolation" name="test_brand_me_returns_about_field" time="0.299" /><testcase classname="tests.test_brand_settings.TestBrandMeAndIsolation" name="test_brand_settings_requires_token" time="0.113" /><testcase classname="tests.test_brand_settings.TestBrandMeAndIsolation" name="test_brand_change_password_requires_token" time="0.121" /><testcase classname="tests.test_brand_settings.TestBrandMeAndIsolation" name="test_brand_upload_requires_token" time="0.101" /><testcase classname="tests.test_brand_settings.TestBrandMeAndIsolation" name="test_admin_token_rejected_on_brand_settings" time="0.434" /><testcase classname="tests.test_brand_settings.TestBrandSettingsUpdate" name="test_update_about_and_logo_position_persists" time="0.430" /><testcase classname="tests.test_brand_settings.TestBrandSettingsUpdate" name="test_update_empty_payload_returns_current" time="0.110" /><testcase classname="tests.test_brand_settings.TestBrandChangePassword" name="test_wrong_current_password_fails" time="0.099" /><testcase classname="tests.test_brand_settings.TestBrandChangePassword" name="test_change_password_and_revert" time="0.563" /><testcase classname="tests.test_brand_settings.TestBrandUpload" name="test_upload_png_with_brand_token" time="0.104" /><testcase classname="tests.test_brand_settings.TestAdminBrandAboutField" name="test_create_update_brand_with_about" time="0.399" /></testsuite></testsuites>