<?xml version="1.0" encoding="utf-8"?><testsuites name="pytest tests"><testsuite name="pytest" errors="0" failures="0" skipped="0" tests="5" time="7.182" timestamp="2026-08-13T22:53:24.567651+00:00" hostname="agent-env-0bf80681-cd71-4977-a905-0f4659681187"><testcase classname="backend.tests.test_dr_ai" name="test_questions_shape" time="2.476" /><testcase classname="backend.tests.test_dr_ai" name="test_questions_short_idea_400" time="0.140" /><testcase classname="backend.tests.test_dr_ai" name="test_blueprint_shape" time="2.837" /><testcase classname="backend.tests.test_dr_ai" name="test_lead_and_admin_flow" time="1.473" /><testcase classname="backend.tests.test_dr_ai" name="test_lead_missing_fields_400" time="0.173" /></testsuite></testsuites>