<?xml version="1.0" encoding="utf-8"?><testsuites name="pytest tests"><testsuite name="pytest" errors="0" failures="0" skipped="0" tests="6" time="4.332" timestamp="2026-08-07T21:16:45.622700+00:00" hostname="agent-env-e546a045-0b7b-4131-8aff-41075740066b"><testcase classname="backend.tests.test_faq_ai.TestGenerateFaq" name="test_generate_faq_admin" time="4.004" /><testcase classname="backend.tests.test_faq_ai.TestGenerateFaq" name="test_generate_faq_requires_auth" time="0.045" /><testcase classname="backend.tests.test_faq_ai.TestBlogFaq" name="test_blog_list_has_faq_field" time="0.048" /><testcase classname="backend.tests.test_faq_ai.TestBlogFaq" name="test_blog_faq_items_shape" time="0.049" /><testcase classname="backend.tests.test_faq_ai.TestLlmsFullFaq" name="test_llms_full_has_project_and_blog_faq" time="0.053" /><testcase classname="backend.tests.test_faq_ai.TestProjectFaq" name="test_projects_have_faq" time="0.050" /></testsuite></testsuites>