<?xml version="1.0" encoding="utf-8"?><testsuites name="pytest tests"><testsuite name="pytest" errors="1" failures="0" skipped="0" tests="2" time="0.360" timestamp="2026-08-08T19:26:46.838418+00:00" hostname="agent-env-e546a045-0b7b-4131-8aff-41075740066b"><testcase classname="backend.tests.test_featured_projects" name="test_projects_have_featured_field" time="0.141" /><testcase classname="backend.tests.test_featured_projects" name="test_toggle_featured_persists_and_reverts" time="0.134"><error message="failed on setup with &quot;AssertionError: {&quot;detail&quot;:&quot;Not Found&quot;}&#10;assert 404 == 200&#10; +  where 404 = &lt;Response [404]&gt;.status_code&quot;">backend/tests/test_featured_projects.py:14: in token
    assert r.status_code == 200, r.text
E   AssertionError: {"detail":"Not Found"}
E   assert 404 == 200
E    +  where 404 = &lt;Response [404]&gt;.status_code</error></testcase></testsuite></testsuites>