<?xml version="1.0" encoding="utf-8"?><testsuites name="pytest tests"><testsuite name="pytest" errors="0" failures="0" skipped="0" tests="10" time="9.859" timestamp="2026-08-07T21:31:41.611279+00:00" hostname="agent-env-e546a045-0b7b-4131-8aff-41075740066b"><testcase classname="backend.tests.test_home_faq.TestSettingsHomeFaq" name="test_get_settings_has_home_faq_defaults" time="4.346" /><testcase classname="backend.tests.test_home_faq.TestAdminGenerateCompanyFaq" name="test_generate_company_faq" time="3.987" /><testcase classname="backend.tests.test_home_faq.TestUpdateSettingsPersistsHomeFaq" name="test_put_settings_persists_home_faq" time="0.655" /><testcase classname="backend.tests.test_home_faq.TestSeoRegressions" name="test_robots" time="0.100" /><testcase classname="backend.tests.test_home_faq.TestSeoRegressions" name="test_sitemap_root" time="0.118" /><testcase classname="backend.tests.test_home_faq.TestSeoRegressions" name="test_api_sitemap" time="0.107" /><testcase classname="backend.tests.test_home_faq.TestSeoRegressions" name="test_llms_txt" time="0.098" /><testcase classname="backend.tests.test_home_faq.TestSeoRegressions" name="test_llms_full" time="0.102" /><testcase classname="backend.tests.test_home_faq.TestSeoRegressions" name="test_projects_list" time="0.112" /><testcase classname="backend.tests.test_home_faq.TestSeoRegressions" name="test_blog_list" time="0.141" /></testsuite></testsuites>