<?xml version="1.0" encoding="utf-8"?><testsuites name="pytest tests"><testsuite name="pytest" errors="0" failures="0" skipped="0" tests="18" time="2.324" timestamp="2026-05-13T09:50:31.362094+00:00" hostname="agent-env-ec300cb1-498b-45fd-bc58-5782eb0bb139"><testcase classname="backend.tests.backend_test.TestAuth" name="test_login_success" time="0.509" /><testcase classname="backend.tests.backend_test.TestAuth" name="test_login_wrong_password" time="0.266" /><testcase classname="backend.tests.backend_test.TestAuth" name="test_auth_me" time="0.318" /><testcase classname="backend.tests.backend_test.TestAuth" name="test_auth_me_no_token" time="0.043" /><testcase classname="backend.tests.backend_test.TestContact" name="test_contact_success" time="0.047" /><testcase classname="backend.tests.backend_test.TestContact" name="test_contact_short_message" time="0.055" /><testcase classname="backend.tests.backend_test.TestProjectRequest" name="test_project_request_success" time="0.060" /><testcase classname="backend.tests.backend_test.TestBlog" name="test_list_blog" time="0.048" /><testcase classname="backend.tests.backend_test.TestBlog" name="test_get_blog_by_slug" time="0.043" /><testcase classname="backend.tests.backend_test.TestBlog" name="test_get_blog_nonexistent" time="0.044" /><testcase classname="backend.tests.backend_test.TestProjects" name="test_list_projects" time="0.042" /><testcase classname="backend.tests.backend_test.TestProjects" name="test_get_project_by_slug" time="0.047" /><testcase classname="backend.tests.backend_test.TestAdminEndpoints" name="test_stats_requires_auth" time="0.044" /><testcase classname="backend.tests.backend_test.TestAdminEndpoints" name="test_stats_with_auth" time="0.046" /><testcase classname="backend.tests.backend_test.TestAdminEndpoints" name="test_admin_contacts_requires_auth" time="0.048" /><testcase classname="backend.tests.backend_test.TestAdminEndpoints" name="test_admin_contacts_with_auth" time="0.048" /><testcase classname="backend.tests.backend_test.TestAdminBlogCRUD" name="test_blog_create_update_delete" time="0.278" /><testcase classname="backend.tests.backend_test.TestAdminProjectCRUD" name="test_project_create_delete" time="0.179" /></testsuite></testsuites>