<?xml version="1.0" encoding="utf-8"?><testsuites name="pytest tests"><testsuite name="pytest" errors="0" failures="0" skipped="0" tests="7" time="0.729" timestamp="2026-08-07T20:40:28.234525+00:00" hostname="agent-env-e546a045-0b7b-4131-8aff-41075740066b"><testcase classname="backend.tests.test_seo.TestDynamicSitemap" name="test_api_sitemap_status_and_content_type" time="0.277" /><testcase classname="backend.tests.test_seo.TestDynamicSitemap" name="test_api_sitemap_valid_xml_and_urls" time="0.093" /><testcase classname="backend.tests.test_seo.TestDynamicSitemap" name="test_api_sitemap_has_dynamic_entries" time="0.058" /><testcase classname="backend.tests.test_seo.TestDynamicSitemap" name="test_api_sitemap_no_objectid_leak" time="0.054" /><testcase classname="backend.tests.test_seo.TestRobotsTxt" name="test_robots_txt_200_and_plaintext" time="0.060" /><testcase classname="backend.tests.test_seo.TestRobotsTxt" name="test_robots_txt_content" time="0.054" /><testcase classname="backend.tests.test_seo.TestStaticSitemap" name="test_static_sitemap_200" time="0.054" /></testsuite></testsuites>